<?xml version="1.0" encoding="UTF-8" ?>
<testsuite tests="4" failures="2" name="modules.TestRunner" time="52.904" errors="0" skipped="0">
  <properties>
    <property name="JOB_NAME" value="Test_PlayWright"/>
    <property name="java.vendor" value="Oracle Corporation"/>
    <property name="sun.java.launcher" value="SUN_STANDARD"/>
    <property name="RUN_TESTS_DISPLAY_URL" value="http://127.0.0.1:8080/job/Test_PlayWright/19/display/redirect?page=tests"/>
    <property name="NUMBER_OF_PROCESSORS" value="8"/>
    <property name="sun.management.compiler" value="HotSpot 64-Bit Tiered Compilers"/>
    <property name="JENKINS_HOME" value="C:\Users\Pawk39\.jenkins"/>
    <property name="HUDSON_SERVER_COOKIE" value="e66cd7d3ffbf7c28"/>
    <property name="POM_ARTIFACTID" value="Automatisation-Playwright"/>
    <property name="os.name" value="Windows 10"/>
    <property name="EXECUTOR_NUMBER" value="1"/>
    <property name="PATHEXT" value=".COM;.EXE;.BAT;.CMD;.VBS;.VBE;.JS;.JSE;.WSF;.WSH;.MSC"/>
    <property name="POM_DISPLAYNAME" value="Automatisation-Playwright"/>
    <property name="java.vm.specification.vendor" value="Oracle Corporation"/>
    <property name="TEMP" value="C:\Users\Pawk39\AppData\Local\Temp"/>
    <property name="NODE_LABELS" value="built-in"/>
    <property name="java.runtime.version" value="17.0.1+12-LTS-39"/>
    <property name="user.name" value="Pawk39"/>
    <property name="guice.disable.misplaced.annotation.check" value="true"/>
    <property name="CommonProgramW6432" value="C:\Program Files\Common Files"/>
    <property name="ProgramFiles" value="C:\Program Files"/>
    <property name="PROMPT" value="$P$G"/>
    <property name="user.language" value="fr"/>
    <property name="JOB_BASE_NAME" value="Test_PlayWright"/>
    <property name="RUN_CHANGES_DISPLAY_URL" value="http://127.0.0.1:8080/job/Test_PlayWright/19/display/redirect?page=changes"/>
    <property name="BUILD_DISPLAY_NAME" value="#19"/>
    <property name="OneDrive" value="C:\Users\Pawk39\OneDrive"/>
    <property name="sun.boot.library.path" value="C:\Users\Pawk39\Documents\ulrich\jdk-17.0.1\bin"/>
    <property name="GIT_PREVIOUS_SUCCESSFUL_COMMIT" value="9bd4888f174882f508e41ab3d350390be54db127"/>
    <property name="java.vm.compressedOopsMode" value="Zero based"/>
    <property name="LOCALAPPDATA" value="C:\Users\Pawk39\AppData\Local"/>
    <property name="java.version" value="17.0.1"/>
    <property name="user.timezone" value="GMT+01:00"/>
    <property name="PROCESSOR_LEVEL" value="6"/>
    <property name="USERNAME" value="Pawk39"/>
    <property name="sun.arch.data.model" value="64"/>
    <property name="NODE_NAME" value="built-in"/>
    <property name="OneDriveConsumer" value="C:\Users\Pawk39\OneDrive"/>
    <property name="BUILD_ID" value="19"/>
    <property name="sun.cpu.isalist" value="amd64"/>
    <property name="sun.jnu.encoding" value="Cp1252"/>
    <property name="maven.conf" value="C:\Users\Pawk39\Documents\ulrich\Maven\apache-maven-3.8.5\conf"/>
    <property name="HOMEDRIVE" value="C:"/>
    <property name="file.separator" value="\"/>
    <property name="java.specification.name" value="Java Platform API Specification"/>
    <property name="java.class.version" value="61.0"/>
    <property name="org.slf4j.simpleLogger.defaultLogLevel" value="info"/>
    <property name="user.country" value="FR"/>
    <property name="ALLUSERSPROFILE" value="C:\ProgramData"/>
    <property name="java.home" value="C:\Users\Pawk39\Documents\ulrich\jdk-17.0.1"/>
    <property name="java.vm.info" value="mixed mode, sharing"/>
    <property name="os.version" value="10.0"/>
    <property name="RUN_DISPLAY_URL" value="http://127.0.0.1:8080/job/Test_PlayWright/19/display/redirect"/>
    <property name="POM_VERSION" value="1.0-SNAPSHOT"/>
    <property name="TMP" value="C:\Users\Pawk39\AppData\Local\Temp"/>
    <property name="path.separator" value=";"/>
    <property name="RUN_ARTIFACTS_DISPLAY_URL" value="http://127.0.0.1:8080/job/Test_PlayWright/19/display/redirect?page=artifacts"/>
    <property name="java.vm.version" value="17.0.1+12-LTS-39"/>
    <property name="user.variant" value=""/>
    <property name="GIT_PREVIOUS_COMMIT" value="9bd4888f174882f508e41ab3d350390be54db127"/>
    <property name="CommonProgramFiles(x86)" value="C:\Program Files (x86)\Common Files"/>
    <property name="JOB_DISPLAY_URL" value="http://127.0.0.1:8080/job/Test_PlayWright/display/redirect"/>
    <property name="USERDOMAIN_ROAMINGPROFILE" value="DESKTOP-QU0GECE"/>
    <property name="CommonProgramFiles" value="C:\Program Files\Common Files"/>
    <property name="sun.io.unicode.encoding" value="UnicodeLittle"/>
    <property name="JAVA_HOME" value="C:\Users\Pawk39\Documents\ulrich\jdk-17.0.1"/>
    <property name="ComSpec" value="C:\WINDOWS\system32\cmd.exe"/>
    <property name="HOMEPATH" value="\Users\Pawk39"/>
    <property name="POM_PACKAGING" value="jar"/>
    <property name="COMPUTERNAME" value="DESKTOP-QU0GECE"/>
    <property name="user.script" value=""/>
    <property name="POM_GROUPID" value="org.example"/>
    <property name="user.home" value="C:\Users\Pawk39"/>
    <property name="PUBLIC" value="C:\Users\Public"/>
    <property name="BUILD_TAG" value="jenkins-Test_PlayWright-19"/>
    <property name="JENKINS_SERVER_COOKIE" value="e66cd7d3ffbf7c28"/>
    <property name="HUDSON_URL" value="http://127.0.0.1:8080/"/>
    <property name="ProgramData" value="C:\ProgramData"/>
    <property name="java.version.date" value="2021-10-19"/>
    <property name="java.specification.vendor" value="Oracle Corporation"/>
    <property name="USERPROFILE" value="C:\Users\Pawk39"/>
    <property name="CLASSPATH" value=""/>
    <property name="java.library.path" value="C:\Users\Pawk39\Documents\ulrich\jdk-17.0.1\bin;C:\WINDOWS\Sun\Java\bin;C:\WINDOWS\system32;C:\WINDOWS;C:\Users\Pawk39\Documents\ulrich\Maven\apache-maven-3.8.5/bin;C:\WINDOWS\system32;C:\WINDOWS;C:\WINDOWS\System32\Wbem;C:\WINDOWS\System32\WindowsPowerShell\v1.0\;C:\WINDOWS\System32\OpenSSH\;C:\Users\Pawk39\scoop\shims;C:\Users\Pawk39\AppData\Local\Microsoft\WindowsApps;C:\Users\Pawk39\AppData\Local\Programs\Git\cmd;C:\Users\Pawk39\Documents\ulrich\Maven\apache-maven-3.8.5\bin;C:\Users\Pawk39\Documents\ulrich\jdk-17.0.1\bin;;."/>
    <property name="java.vendor.url" value="https://java.oracle.com/"/>
    <property name="java.vm.vendor" value="Oracle Corporation"/>
    <property name="APPDATA" value="C:\Users\Pawk39\AppData\Roaming"/>
    <property name="ZES_ENABLE_SYSMAN" value="1"/>
    <property name="java.runtime.name" value="Java(TM) SE Runtime Environment"/>
    <property name="maven.home" value="C:\Users\Pawk39\Documents\ulrich\Maven\apache-maven-3.8.5"/>
    <property name="java.class.path" value="C:\Users\Pawk39\.jenkins\plugins\maven-plugin\WEB-INF\lib\maven35-agent-1.14.jar;C:\Users\Pawk39\Documents\ulrich\Maven\apache-maven-3.8.5\boot\plexus-classworlds-2.6.0.jar;C:\Users\Pawk39\Documents\ulrich\Maven\apache-maven-3.8.5/conf/logging"/>
    <property name="sun.java.command" value="jenkins.maven3.agent.Maven35Main C:\Users\Pawk39\Documents\ulrich\Maven\apache-maven-3.8.5 C:\Users\Pawk39\.jenkins\war\WEB-INF\lib\remoting-3071.v7e9b_0dc08466.jar C:\Users\Pawk39\.jenkins\plugins\maven-plugin\WEB-INF\lib\maven35-interceptor-1.14.jar C:\Users\Pawk39\.jenkins\plugins\maven-plugin\WEB-INF\lib\maven3-interceptor-commons-1.14.jar 65048"/>
    <property name="native.encoding" value="Cp1252"/>
    <property name="Path" value="C:\WINDOWS\system32;C:\WINDOWS;C:\WINDOWS\System32\Wbem;C:\WINDOWS\System32\WindowsPowerShell\v1.0\;C:\WINDOWS\System32\OpenSSH\;C:\Users\Pawk39\scoop\shims;C:\Users\Pawk39\AppData\Local\Microsoft\WindowsApps;C:\Users\Pawk39\AppData\Local\Programs\Git\cmd;C:\Users\Pawk39\Documents\ulrich\Maven\apache-maven-3.8.5\bin;C:\Users\Pawk39\Documents\ulrich\jdk-17.0.1\bin;"/>
    <property name="jdk.debug" value="release"/>
    <property name="PROCESSOR_ARCHITECTURE" value="AMD64"/>
    <property name="java.vm.specification.name" value="Java Virtual Machine Specification"/>
    <property name="jansi.mode" value="strip"/>
    <property name="SESSIONNAME" value="Console"/>
    <property name="PROCESSOR_IDENTIFIER" value="Intel64 Family 6 Model 142 Stepping 10, GenuineIntel"/>
    <property name="java.vm.specification.version" value="17"/>
    <property name="M2_HOME" value="C:\Users\Pawk39\Documents\ulrich\Maven\apache-maven-3.8.5"/>
    <property name="sun.cpu.endian" value="little"/>
    <property name="sun.os.patch.level" value=""/>
    <property name="OS" value="Windows_NT"/>
    <property name="CI" value="true"/>
    <property name="java.io.tmpdir" value="C:\Users\Pawk39\AppData\Local\Temp\"/>
    <property name="HUDSON_HOME" value="C:\Users\Pawk39\.jenkins"/>
    <property name="PATH+MAVEN" value="C:\Users\Pawk39\Documents\ulrich\Maven\apache-maven-3.8.5/bin"/>
    <property name="ProgramFiles(x86)" value="C:\Program Files (x86)"/>
    <property name="java.vendor.url.bug" value="https://bugreport.java.com/bugreport/"/>
    <property name="BUILD_URL" value="http://127.0.0.1:8080/job/Test_PlayWright/19/"/>
    <property name="SystemRoot" value="C:\WINDOWS"/>
    <property name="os.arch" value="amd64"/>
    <property name="user.dir" value="C:\Users\Pawk39\IdeaProjects\Automatisation-Playwright"/>
    <property name="cucumber.options" value="--tags@log01"/>
    <property name="JOB_URL" value="http://127.0.0.1:8080/job/Test_PlayWright/"/>
    <property name="LOGONSERVER" value="\\DESKTOP-QU0GECE"/>
    <property name="Tags" value="log01"/>
    <property name="USERDOMAIN" value="DESKTOP-QU0GECE"/>
    <property name="MAVEN_HOME" value="C:\Users\Pawk39\Documents\ulrich\Maven\apache-maven-3.8.5"/>
    <property name="line.separator" value="
"/>
    <property name="java.vm.name" value="Java HotSpot(TM) 64-Bit Server VM"/>
    <property name="BUILD_NUMBER" value="19"/>
    <property name="PROCESSOR_REVISION" value="8e0a"/>
    <property name="JENKINS_URL" value="http://127.0.0.1:8080/"/>
    <property name="GIT_BRANCH" value="origin/main"/>
    <property name="ProgramW6432" value="C:\Program Files"/>
    <property name="windir" value="C:\WINDOWS"/>
    <property name="GIT_COMMIT" value="9bd4888f174882f508e41ab3d350390be54db127"/>
    <property name="=C:" value="C:\Jenkins"/>
    <property name="file.encoding" value="Cp1252"/>
    <property name="SystemDrive" value="C:"/>
    <property name="maven3.interceptor" value="C:\Users\Pawk39\.jenkins\plugins\maven-plugin\WEB-INF\lib\maven35-interceptor-1.14.jar"/>
    <property name="WORKSPACE_TMP" value="C:\Users\Pawk39\.jenkins\workspace\Test_PlayWright@tmp"/>
    <property name="ALLURE_HOME" value="C:\Users\Pawk39\scoop\apps\allure\current"/>
    <property name="WORKSPACE" value="C:\Users\Pawk39\.jenkins\workspace\Test_PlayWright"/>
    <property name="maven3.interceptor.common" value="C:\Users\Pawk39\.jenkins\plugins\maven-plugin\WEB-INF\lib\maven3-interceptor-commons-1.14.jar"/>
    <property name="PSModulePath" value="C:\Program Files\WindowsPowerShell\Modules;C:\WINDOWS\system32\WindowsPowerShell\v1.0\Modules"/>
    <property name="java.specification.version" value="17"/>
    <property name="DriverData" value="C:\Windows\System32\Drivers\DriverData"/>
    <property name="GIT_URL" value="https://github.com/Tesfaye77/Playwright_auto.git"/>
  </properties>
  <testcase classname="Login" name="log01 - Login successfully" time="12.154">
    <failure type="java.lang.AssertionError">java.lang.AssertionError
	at step_definitions.StepDef_login.iMLogin(StepDef_login.java:53)
	at ✽.I&apos;m login(file:///C:/Users/Pawk39/IdeaProjects/Automatisation-Playwright/src/test/java/features/login.feature:14)
</failure>
    <system-out>
@login @log01
Scenario Outline: log01 - Login successfully                           &amp;#27;[90m# src/test/java/features/login.feature:17&amp;#27;[0m
  &amp;#27;[32mGiven &amp;#27;[0m&amp;#27;[32mi open Ztrain login page&amp;#27;[0m                                       &amp;#27;[90m# step_definitions.StepDef_login.iOpenZtrainLoginPage()&amp;#27;[0m
  &amp;#27;[32mWhen &amp;#27;[0m&amp;#27;[32mI&apos;m in the login page&amp;#27;[0m                                           &amp;#27;[90m# step_definitions.StepDef_login.iMInTheLoginPage()&amp;#27;[0m
  &amp;#27;[32mAnd &amp;#27;[0m&amp;#27;[32mI enter email address &amp;#27;[0m&amp;#27;[32m&amp;#27;[1m&quot;ubogni@gmail.com&quot;&amp;#27;[0m&amp;#27;[32m and password &amp;#27;[0m&amp;#27;[32m&amp;#27;[1m&quot;Ulrich77&quot;&amp;#27;[0m &amp;#27;[90m# step_definitions.StepDef_login.loginIntoTheApplication(java.lang.String,java.lang.String)&amp;#27;[0m
  &amp;#27;[32mAnd &amp;#27;[0m&amp;#27;[32mI clicks to the login button&amp;#27;[0m                                     &amp;#27;[90m# step_definitions.StepDef_login.iClicksToTheLoginButton()&amp;#27;[0m
  &amp;#27;[31mThen &amp;#27;[0m&amp;#27;[31mI&apos;m login&amp;#27;[0m                                                       &amp;#27;[90m# step_definitions.StepDef_login.iMLogin()&amp;#27;[0m
      &amp;#27;[31mjava.lang.AssertionError
	at step_definitions.StepDef_login.iMLogin(StepDef_login.java:53)
	at âœ½.I&apos;m login(file:///C:/Users/Pawk39/IdeaProjects/Automatisation-Playwright/src/test/java/features/login.feature:14)
&amp;#27;[0m
</system-out>
    <system-err>SLF4J: Failed to load class &quot;org.slf4j.impl.StaticLoggerBinder&quot;.
SLF4J: Defaulting to no-operation (NOP) logger implementation
SLF4J: See http://www.slf4j.org/codes.html#StaticLoggerBinder for further details.
</system-err>
  </testcase>
  <testcase classname="Login" name="log02 - Login failed" time="12.016"/>
  <testcase classname="Login" name="log03 - Login fail mail" time="10.105"/>
  <testcase classname="Login" name="log04 - Logout" time="18.629">
    <failure type="java.lang.AssertionError">java.lang.AssertionError
	at step_definitions.StepDef_login.iMLogout(StepDef_login.java:86)
	at ✽.I&apos;m logout(file:///C:/Users/Pawk39/IdeaProjects/Automatisation-Playwright/src/test/java/features/login.feature:47)
</failure>
    <system-out>
@login @log04
Scenario Outline: log04 - Logout                                             &amp;#27;[90m# src/test/java/features/login.feature:50&amp;#27;[0m
  &amp;#27;[32mGiven &amp;#27;[0m&amp;#27;[32mi open Ztrain login page&amp;#27;[0m                                             &amp;#27;[90m# step_definitions.StepDef_login.iOpenZtrainLoginPage()&amp;#27;[0m
  &amp;#27;[32mWhen &amp;#27;[0m&amp;#27;[32mI&apos;m in the login page with &amp;#27;[0m&amp;#27;[32m&amp;#27;[1m&quot;ubogni@gmail.com&quot;&amp;#27;[0m&amp;#27;[32m and password &amp;#27;[0m&amp;#27;[32m&amp;#27;[1m&quot;Ulrich77&quot;&amp;#27;[0m &amp;#27;[90m# step_definitions.StepDef_login.iMInTheLoginPageWithAndPassword(java.lang.String,java.lang.String)&amp;#27;[0m
  &amp;#27;[32mAnd &amp;#27;[0m&amp;#27;[32mI clicks to the logout button&amp;#27;[0m                                          &amp;#27;[90m# step_definitions.StepDef_login.iClicksToTheLogoutButton()&amp;#27;[0m
  &amp;#27;[31mThen &amp;#27;[0m&amp;#27;[31mI&apos;m logout&amp;#27;[0m                                                            &amp;#27;[90m# step_definitions.StepDef_login.iMLogout()&amp;#27;[0m
      &amp;#27;[31mjava.lang.AssertionError
	at step_definitions.StepDef_login.iMLogout(StepDef_login.java:86)
	at âœ½.I&apos;m logout(file:///C:/Users/Pawk39/IdeaProjects/Automatisation-Playwright/src/test/java/features/login.feature:47)
&amp;#27;[0m
</system-out>
  </testcase>
</testsuite>